<?xml version="1.0" encoding="UTF-8"?>
<!-- Generated by org.testng.reporters.JUnitReportReporter -->
<testsuite hostname="LAPTOP-RLPANHF6" failures="0" tests="1" name="pract.pracTest1" time="0.008" errors="0" timestamp="2021-09-04T05:50:33 IST" skipped="0">
  <testcase classname="pract.pracTest1" name="test" time="0.008"/>
  <system-out/>
</testsuite> <!-- pract.pracTest1 -->
